<?xml version="1.0" encoding="UTF-8"?>
<!-- Generated by org.testng.reporters.JUnitReportReporter -->
<testsuite hostname="TYSS-Bhoomika" failures="0" tests="1" name="basics.ToClickOnRegister" time="5.415" errors="0" timestamp="2023-08-08T15:11:48 IST" skipped="0">
  <testcase classname="basics.ToClickOnRegister" name="demo" time="5.415"/>
</testsuite> <!-- basics.ToClickOnRegister -->
