<?xml version="1.0" encoding="UTF-8"?>
<!-- Generated by org.testng.reporters.JUnitReportReporter -->
<testsuite hostname="TYSS-Bhoomika" failures="0" tests="1" name="basics.ActiTime" time="15.095" errors="0" timestamp="2023-08-09T13:46:01 IST" skipped="0">
  <testcase classname="basics.ActiTime" name="run" time="15.095"/>
</testsuite> <!-- basics.ActiTime -->
