<?xml version="1.0" encoding="UTF-8"?>
<!-- Generated by org.testng.reporters.JUnitReportReporter -->
<testsuite hostname="TYSS-Bhoomika" failures="0" tests="1" name="demoQA.TC_002" time="11.865" errors="0" timestamp="2023-08-10T13:19:12 IST" skipped="0">
  <testcase classname="demoQA.TC_002" name="closeChildWindow" time="11.865"/>
</testsuite> <!-- demoQA.TC_002 -->
