<?xml version="1.0" encoding="UTF-8"?>
<!-- Generated by org.testng.reporters.JUnitReportReporter -->
<testsuite hostname="TYSS-Bhoomika" failures="0" tests="1" name="demoQA.TC_001" time="10.897" errors="0" timestamp="2023-08-10T15:14:06 IST" skipped="0">
  <testcase classname="demoQA.TC_001" name="clickOnVisible" time="10.897"/>
</testsuite> <!-- demoQA.TC_001 -->
