<?xml version="1.0" encoding="UTF-8"?>
<!-- Generated by org.testng.reporters.JUnitReportReporter -->
<testsuite hostname="TYSS-Bhoomika" failures="0" tests="1" name="demoQA.TC_003" time="15.402" errors="0" timestamp="2023-08-10T13:39:14 IST" skipped="0">
  <testcase classname="demoQA.TC_003" name="promptPopUp" time="15.402"/>
</testsuite> <!-- demoQA.TC_003 -->
