<?xml version="1.0" encoding="UTF-8"?>
<!-- Generated by org.testng.reporters.JUnitReportReporter -->
<testsuite hostname="TYSS-Bhoomika" failures="0" tests="1" name="demoQA.TC_006" time="14.919" errors="0" timestamp="2023-08-10T14:57:22 IST" skipped="0">
  <testcase classname="demoQA.TC_006" name="selectOption" time="14.919"/>
</testsuite> <!-- demoQA.TC_006 -->
