<?xml version="1.0" encoding="UTF-8"?>
<!-- Generated by org.testng.reporters.JUnitReportReporter -->
<testsuite hostname="TYSS-Bhoomika" failures="0" tests="1" name="basics.ToLaunchBrowser" time="8.781" errors="0" timestamp="2023-08-08T14:55:07 IST" skipped="0">
  <testcase classname="basics.ToLaunchBrowser" name="launch" time="8.781"/>
</testsuite> <!-- basics.ToLaunchBrowser -->
