<?xml version="1.0" encoding="UTF-8"?>
<!-- Generated by org.testng.reporters.JUnitReportReporter -->
<testsuite hostname="TYSS-Bhoomika" failures="0" tests="1" name="demoQA.TC_004" time="13.738" errors="0" timestamp="2023-08-10T14:48:56 IST" skipped="0">
  <testcase classname="demoQA.TC_004" name="calendar" time="13.738"/>
</testsuite> <!-- demoQA.TC_004 -->
