<?xml version="1.0" encoding="UTF-8"?>
<!-- Generated by org.testng.reporters.JUnitReportReporter -->
<testsuite hostname="TYSS-Bhoomika" failures="0" tests="1" name="demoQA.TC_007" time="19.263" errors="0" timestamp="2023-08-10T15:11:36 IST" skipped="0">
  <testcase classname="demoQA.TC_007" name="dragDrop" time="19.263"/>
</testsuite> <!-- demoQA.TC_007 -->
