<?xml version="1.0" encoding="UTF-8"?>
<!-- Generated by org.testng.reporters.JUnitReportReporter -->
<testsuite hostname="TYSS-Bhoomika" failures="0" tests="1" name="basics.ToLaunchBrowser" time="5.604" errors="0" timestamp="2023-08-09T12:10:43 IST" skipped="0">
  <testcase classname="basics.ToLaunchBrowser" name="launch" time="5.604"/>
  <system-out/>
</testsuite> <!-- basics.ToLaunchBrowser -->
