<?xml version="1.0" encoding="UTF-8"?>
<!-- Generated by org.testng.reporters.JUnitReportReporter -->
<testsuite hostname="TYSS-Bhoomika" failures="0" tests="1" name="basics.Launch_Test" time="4.637" errors="0" timestamp="2023-08-09T12:09:44 IST" skipped="0">
  <testcase classname="basics.Launch_Test" name="lauch" time="4.637"/>
  <system-out/>
</testsuite> <!-- basics.Launch_Test -->
