<?xml version="1.0" encoding="UTF-8"?>
<!-- Generated by org.testng.reporters.JUnitReportReporter -->
<testsuite hostname="TYSS-Bhoomika" failures="0" tests="1" name="basics.Demo_Test" time="5.137" errors="0" timestamp="2023-08-09T12:05:48 IST" skipped="0">
  <testcase classname="basics.Demo_Test" name="demotest" time="5.137"/>
  <system-out/>
</testsuite> <!-- basics.Demo_Test -->
